
> charts@1.0.0 build-storybook
> storybook build --output-dir=C:\Users\MOIKAH~1\AppData\Local\Temp\chromatic--18308-0JDTkl5n8wkB

[1m@storybook/core v8.4.2
[22m
info => Cleaning outputDir: [36m..\..\..\..\MOIKAH~1\AppData\Local\Temp\chromatic--18308-0JDTkl5n8wkB[39m
info => Loading presets
info => Building manager..
info => Manager built ([38;2;181;126;229m855 ms[39m)
info => Building preview..
WARN No story files found for the specified pattern: [34mcomponents\**\*.stories.mdx[39m
info Addon-docs: using MDX3
This addon is augmenting the Webpack config
info => Using implicit CSS loaders
Using @react-native/babel-preset
info => Using default Webpack5 setup
info Using tsconfig paths for react-docgen
info => Copying static files: [36mbuild\prefab[39m at [36m..\..\..\..\MOIKAH~1\AppData\Local\Temp\chromatic--18308-0JDTkl5n8wkB[39m
WARN asset size limit: The following asset(s) exceed the recommended size limit (244 KiB).
WARN This can impact web performance.
WARN Assets: 
WARN   771.d4b75995.iframe.bundle.js (949 KiB)
WARN   981.95cd0f0f.iframe.bundle.js (653 KiB)
WARN   878.3f8f96c2.iframe.bundle.js (972 KiB)
WARN entrypoint size limit: The following entrypoint(s) combined asset size exceeds the recommended limit (244 KiB). This can impact web performance.
WARN Entrypoints:
WARN   main (665 KiB)
WARN       runtime~main.2d446efc.iframe.bundle.js
WARN       981.95cd0f0f.iframe.bundle.js
WARN       main.e5c13db4.iframe.bundle.js
WARN 
info => Preview built ([38;2;181;126;229m1.15 min[39m)
info => Output directory: C:\Users\MOIKAH~1\AppData\Local\Temp\chromatic--18308-0JDTkl5n8wkB
